Arguments: 
  D:\AppInstall\nodeJs\node.exe C:\Users\77648\AppData\Roaming\npm\node_modules\yarn\bin\yarn.js add @gs-ui/gs-ui --registry=http://registry.npm.gridsum.com -S

PATH: 
  D:\AppInstall\nodeJs\;C:\Windows\system32;C:\Windows;C:\Windows\System32\Wbem;C:\Windows\System32\WindowsPowerShell\v1.0\;C:\Windows\System32\OpenSSH\;C:\Program Files (x86)\NVIDIA Corporation\PhysX\Common;C:\Program Files\NVIDIA Corporation\NVIDIA NvDLISR;C:\WINDOWS\system32;C:\WINDOWS;C:\WINDOWS\System32\Wbem;C:\WINDOWS\System32\WindowsPowerShell\v1.0\;C:\WINDOWS\System32\OpenSSH\;D:\AppInstall\Git\cmd;C:\Program Files\dotnet\;C:\Users\77648\AppData\Local\Microsoft\WindowsApps;D:\AppInstall\Microsoft VS Code\bin;D:\AppInstall\IntelliJ IDEA 2021.3.2\bin;;C:\Users\77648\AppData\Roaming\npm;D:\AppInstall\nodeJs;D:\AppInstall\bandizip\;

Yarn version: 
  1.22.19

Node version: 
  16.18.1

Platform: 
  win32 x64

Trace: 
  Error: EPERM: operation not permitted, copyfile 'C:\Users\77648\AppData\Local\Yarn\Cache\v6\npm-vue-hot-reload-api-2.3.4-532955cc1eb208a3d990b3a9f9a70574657e08f2-integrity\node_modules\vue-hot-reload-api\package.json' -> 'D:\Code\vue2-demo\node_modules\vue-hot-reload-api\package.json'

npm manifest: 
  {
    "name": "vue2-demo",
    "version": "1.0.0",
    "description": "",
    "main": "index.js",
    "scripts": {
      "dev": "webpack serve"
    },
    "keywords": [],
    "author": "",
    "license": "ISC",
    "devDependencies": {
      "css-loader": "^6.7.3",
      "html-webpack-plugin": "^5.5.0",
      "nanoid": "^4.0.1",
      "node-sass": "^8.0.0",
      "sass": "^1.58.3",
      "sass-loader": "^13.2.0",
      "style-loader": "^3.3.1",
      "vue": "^2.7.14",
      "vue-loader": "^15.10.1",
      "vue-style-loader": "^4.1.3",
      "vue-template-compiler": "^2.7.14",
      "webpack": "^5.75.0",
      "webpack-cli": "^5.0.1",
      "webpack-dev-server": "^4.11.1"
    },
    "dependencies": {
      "@babel/core": "^7.21.0",
      "@babel/preset-env": "^7.20.2",
      "babel-loader": "^9.1.2"
    }
  }

yarn manifest: 
  No manifest

Lockfile: 
  No lockfile
